# JRE version: 7.0_25-b30
# Java VM: OpenJDK 64-Bit Server VM (23.7-b01 mixed mode linux-amd64 compressed oops)
Heap
 PSYoungGen      total 117248K, used 38521K [0x00000000f5560000, 0x00000000fd170000, 0x0000000100000000)
  eden space 115136K, 33% used [0x00000000f5560000,0x00000000f7afe560,0x00000000fc5d0000)
  from space 2112K, 0% used [0x00000000fc5d0000,0x00000000fc5d0000,0x00000000fc7e0000)
  to   space 5952K, 0% used [0x00000000fcba0000,0x00000000fcba0000,0x00000000fd170000)
 ParOldGen       total 60672K, used 35845K [0x00000000e0000000, 0x00000000e3b40000, 0x00000000f5560000)
  object space 60672K, 59% used [0x00000000e0000000,0x00000000e23017d8,0x00000000e3b40000)
 PSPermGen       total 75520K, used 73493K [0x00000000d0000000, 0x00000000d49c0000, 0x00000000e0000000)
  object space 75520K, 97% used [0x00000000d0000000,0x00000000d47c5598,0x00000000d49c0000)
GC Heap History (10 events):
Event: 2134.680 GC heap before
{Heap before GC invocations=88 (full 37):
 PSYoungGen      total 115392K, used 224K [0x00000000f5560000, 0x00000000fca30000, 0x0000000100000000)
  eden space 115136K, 0% used [0x00000000f5560000,0x00000000f5560000,0x00000000fc5d0000)
  from space 256K, 87% used [0x00000000fc5d0000,0x00000000fc608000,0x00000000fc610000)
  to   space 2240K, 0% used [0x00000000fc800000,0x00000000fc800000,0x00000000fca30000)
 ParOldGen       total 60672K, used 25623K [0x00000000e0000000, 0x00000000e3b40000, 0x00000000f5560000)
  object space 60672K, 42% used [0x00000000e0000000,0x00000000e1905d90,0x00000000e3b40000)
 PSPermGen       total 65216K, used 64645K [0x00000000d0000000, 0x00000000d3fb0000, 0x00000000e0000000)
  object space 65216K, 99% used [0x00000000d0000000,0x00000000d3f217b8,0x00000000d3fb0000)
Event: 2134.791 GC heap after
Heap after GC invocations=88 (full 37):
 PSYoungGen      total 115392K, used 0K [0x00000000f5560000, 0x00000000fca30000, 0x0000000100000000)
  eden space 115136K, 0% used [0x00000000f5560000,0x00000000f5560000,0x00000000fc5d0000)
  from space 256K, 0% used [0x00000000fc5d0000,0x00000000fc5d0000,0x00000000fc610000)
  to   space 2240K, 0% used [0x00000000fc800000,0x00000000fc800000,0x00000000fca30000)
 ParOldGen       total 60672K, used 25773K [0x00000000e0000000, 0x00000000e3b40000, 0x00000000f5560000)
  object space 60672K, 42% used [0x00000000e0000000,0x00000000e192b558,0x00000000e3b40000)
 PSPermGen       total 65152K, used 64645K [0x00000000d0000000, 0x00000000d3fa0000, 0x00000000e0000000)
  object space 65152K, 99% used [0x00000000d0000000,0x00000000d3f217b8,0x00000000d3fa0000)
}
Event: 2194.674 GC heap before
{Heap before GC invocations=89 (full 37):
 PSYoungGen      total 115392K, used 3770K [0x00000000f5560000, 0x00000000fca30000, 0x0000000100000000)
  eden space 115136K, 3% used [0x00000000f5560000,0x00000000f590e900,0x00000000fc5d0000)
  from space 256K, 0% used [0x00000000fc5d0000,0x00000000fc5d0000,0x00000000fc610000)
  to   space 2240K, 0% used [0x00000000fc800000,0x00000000fc800000,0x00000000fca30000)
 ParOldGen       total 60672K, used 25773K [0x00000000e0000000, 0x00000000e3b40000, 0x00000000f5560000)
  object space 60672K, 42% used [0x00000000e0000000,0x00000000e192b558,0x00000000e3b40000)
 PSPermGen       total 65152K, used 64646K [0x00000000d0000000, 0x00000000d3fa0000, 0x00000000e0000000)
  object space 65152K, 99% used [0x00000000d0000000,0x00000000d3f21938,0x00000000d3fa0000)
Event: 2194.680 GC heap after
Heap after GC invocations=89 (full 37):
 PSYoungGen      total 117120K, used 64K [0x00000000f5560000, 0x00000000fc9f0000, 0x0000000100000000)
  eden space 115136K, 0% used [0x00000000f5560000,0x00000000f5560000,0x00000000fc5d0000)
  from space 1984K, 3% used [0x00000000fc800000,0x00000000fc810000,0x00000000fc9f0000)
  to   space 2112K, 0% used [0x00000000fc5d0000,0x00000000fc5d0000,0x00000000fc7e0000)
 ParOldGen       total 60672K, used 25773K [0x00000000e0000000, 0x00000000e3b40000, 0x00000000f5560000)
  object space 60672K, 42% used [0x00000000e0000000,0x00000000e192b558,0x00000000e3b40000)
 PSPermGen       total 65152K, used 64646K [0x00000000d0000000, 0x00000000d3fa0000, 0x00000000e0000000)
  object space 65152K, 99% used [0x00000000d0000000,0x00000000d3f21938,0x00000000d3fa0000)
}
Event: 2194.680 GC heap before
{Heap before GC invocations=90 (full 38):
 PSYoungGen      total 117120K, used 64K [0x00000000f5560000, 0x00000000fc9f0000, 0x0000000100000000)
  eden space 115136K, 0% used [0x00000000f5560000,0x00000000f5560000,0x00000000fc5d0000)
  from space 1984K, 3% used [0x00000000fc800000,0x00000000fc810000,0x00000000fc9f0000)
  to   space 2112K, 0% used [0x00000000fc5d0000,0x00000000fc5d0000,0x00000000fc7e0000)
 ParOldGen       total 60672K, used 25773K [0x00000000e0000000, 0x00000000e3b40000, 0x00000000f5560000)
  object space 60672K, 42% used [0x00000000e0000000,0x00000000e192b558,0x00000000e3b40000)
 PSPermGen       total 65152K, used 64646K [0x00000000d0000000, 0x00000000d3fa0000, 0x00000000e0000000)
  object space 65152K, 99% used [0x00000000d0000000,0x00000000d3f21938,0x00000000d3fa0000)
Event: 2194.789 GC heap after
Heap after GC invocations=90 (full 38):
 PSYoungGen      total 117120K, used 0K [0x00000000f5560000, 0x00000000fc9f0000, 0x0000000100000000)
  eden space 115136K, 0% used [0x00000000f5560000,0x00000000f5560000,0x00000000fc5d0000)
  from space 1984K, 0% used [0x00000000fc800000,0x00000000fc800000,0x00000000fc9f0000)
  to   space 2112K, 0% used [0x00000000fc5d0000,0x00000000fc5d0000,0x00000000fc7e0000)
 ParOldGen       total 60672K, used 25671K [0x00000000e0000000, 0x00000000e3b40000, 0x00000000f5560000)
  object space 60672K, 42% used [0x00000000e0000000,0x00000000e1911ea8,0x00000000e3b40000)
 PSPermGen       total 65152K, used 64646K [0x00000000d0000000, 0x00000000d3fa0000, 0x00000000e0000000)
  object space 65152K, 99% used [0x00000000d0000000,0x00000000d3f21938,0x00000000d3fa0000)
}
Event: 2262.123 GC heap before
{Heap before GC invocations=91 (full 38):
 PSYoungGen      total 117120K, used 68459K [0x00000000f5560000, 0x00000000fc9f0000, 0x0000000100000000)
  eden space 115136K, 59% used [0x00000000f5560000,0x00000000f983ac40,0x00000000fc5d0000)
  from space 1984K, 0% used [0x00000000fc800000,0x00000000fc800000,0x00000000fc9f0000)
  to   space 2112K, 0% used [0x00000000fc5d0000,0x00000000fc5d0000,0x00000000fc7e0000)
 ParOldGen       total 60672K, used 25671K [0x00000000e0000000, 0x00000000e3b40000, 0x00000000f5560000)
  object space 60672K, 42% used [0x00000000e0000000,0x00000000e1911ea8,0x00000000e3b40000)
 PSPermGen       total 70912K, used 70862K [0x00000000d0000000, 0x00000000d4540000, 0x00000000e0000000)
  object space 70912K, 99% used [0x00000000d0000000,0x00000000d4533b20,0x00000000d4540000)
Event: 2262.147 GC heap after
Heap after GC invocations=91 (full 38):
 PSYoungGen      total 117248K, used 2088K [0x00000000f5560000, 0x00000000fd170000, 0x0000000100000000)
  eden space 115136K, 0% used [0x00000000f5560000,0x00000000f5560000,0x00000000fc5d0000)
  from space 2112K, 98% used [0x00000000fc5d0000,0x00000000fc7da228,0x00000000fc7e0000)
  to   space 5952K, 0% used [0x00000000fcba0000,0x00000000fcba0000,0x00000000fd170000)
 ParOldGen       total 60672K, used 34715K [0x00000000e0000000, 0x00000000e3b40000, 0x00000000f5560000)
  object space 60672K, 57% used [0x00000000e0000000,0x00000000e21e6c48,0x00000000e3b40000)
 PSPermGen       total 70912K, used 70862K [0x00000000d0000000, 0x00000000d4540000, 0x00000000e0000000)
  object space 70912K, 99% used [0x00000000d0000000,0x00000000d4533b20,0x00000000d4540000)
}
Event: 2262.147 GC heap before
{Heap before GC invocations=92 (full 39):
 PSYoungGen      total 117248K, used 2088K [0x00000000f5560000, 0x00000000fd170000, 0x0000000100000000)
  eden space 115136K, 0% used [0x00000000f5560000,0x00000000f5560000,0x00000000fc5d0000)
  from space 2112K, 98% used [0x00000000fc5d0000,0x00000000fc7da228,0x00000000fc7e0000)
  to   space 5952K, 0% used [0x00000000fcba0000,0x00000000fcba0000,0x00000000fd170000)
 ParOldGen       total 60672K, used 34715K [0x00000000e0000000, 0x00000000e3b40000, 0x00000000f5560000)
  object space 60672K, 57% used [0x00000000e0000000,0x00000000e21e6c48,0x00000000e3b40000)
 PSPermGen       total 70912K, used 70862K [0x00000000d0000000, 0x00000000d4540000, 0x00000000e0000000)
  object space 70912K, 99% used [0x00000000d0000000,0x00000000d4533b20,0x00000000d4540000)
Event: 2262.323 GC heap after
Heap after GC invocations=92 (full 39):
 PSYoungGen      total 117248K, used 0K [0x00000000f5560000, 0x00000000fd170000, 0x0000000100000000)
  eden space 115136K, 0% used [0x00000000f5560000,0x00000000f5560000,0x00000000fc5d0000)
  from space 2112K, 0% used [0x00000000fc5d0000,0x00000000fc5d0000,0x00000000fc7e0000)
  to   space 5952K, 0% used [0x00000000fcba0000,0x00000000fcba0000,0x00000000fd170000)
 ParOldGen       total 60672K, used 35845K [0x00000000e0000000, 0x00000000e3b40000, 0x00000000f5560000)
  object space 60672K, 59% used [0x00000000e0000000,0x00000000e23017d8,0x00000000e3b40000)
 PSPermGen       total 75520K, used 70859K [0x00000000d0000000, 0x00000000d49c0000, 0x00000000e0000000)
  object space 75520K, 93% used [0x00000000d0000000,0x00000000d4532e80,0x00000000d49c0000)
}

